<?xml version="1.0" encoding="UTF-8"?>
<TestRun id="c02103be-d453-4b43-8cb1-355920ec8f81" name="Teo@ORION 2013-01-15 03:03:59" runUser="ORION\Teo" xmlns="http://microsoft.com/schemas/VisualStudio/TeamTest/2010">
  <TestSettings name="Default Test Settings" id="be29079b-0591-496d-8314-cc0082152717">
    <Deployment runDeploymentRoot="Teo_ORION 2013-01-15 03_03_59">
      <DeploymentItem filename="C:\Users\Teo\Desktop\Supermarket\Supermarket\bin\Supermarket.dll" />
    </Deployment>
    <Execution>
      <TestTypeSpecific />
      <AgentRule name="Execution Agents">
      </AgentRule>
    </Execution>
  </TestSettings>
  <Times creation="2013-01-15T03:03:59.1831434+02:00" queuing="2013-01-15T03:04:00.9362437+02:00" start="2013-01-15T03:04:01.0412497+02:00" finish="2013-01-15T03:04:03.4843894+02:00" />
  <ResultSummary outcome="Completed">
    <Counters total="1" executed="1" passed="1" error="0" failed="0" timeout="0" aborted="0" inconclusive="0" passedButRunAborted="0" notRunnable="0" notExecuted="0" disconnected="0" warning="0" completed="0" inProgress="0" pending="0" />
  </ResultSummary>
  <TestDefinitions>
    <UnitTest name="Index" storage="c:\users\teo\desktop\supermarket\supermarket.tests\bin\release\supermarket.tests.dll" id="980df509-8172-504c-4747-69870f67a0f9">
      <Execution id="473c6851-8e2e-4c02-a084-6e8ca13c7928" />
      <TestMethod codeBase="C:/Users/Teo/Desktop/Supermarket/Supermarket.Tests/bin/Release/Supermarket.Tests.DLL" adapterTypeName="Microsoft.VisualStudio.TestTools.TestTypes.Unit.UnitTestAdapter, Microsoft.VisualStudio.QualityTools.Tips.UnitTest.Adapter, Version=10.0.0.0, Culture=neutral, PublicKeyToken=b03f5f7f11d50a3a" className="Supermarket.Tests.Controllers.HomeControllerTest, Supermarket.Tests, Version=1.0.0.0, Culture=neutral, PublicKeyToken=null" name="Index" />
    </UnitTest>
  </TestDefinitions>
  <TestLists>
    <TestList name="Results Not in a List" id="8c84fa94-04c1-424b-9868-57a2d4851a1d" />
    <TestList name="All Loaded Results" id="19431567-8539-422a-85d7-44ee4e166bda" />
  </TestLists>
  <TestEntries>
    <TestEntry testId="980df509-8172-504c-4747-69870f67a0f9" executionId="473c6851-8e2e-4c02-a084-6e8ca13c7928" testListId="8c84fa94-04c1-424b-9868-57a2d4851a1d" />
  </TestEntries>
  <Results>
    <UnitTestResult executionId="473c6851-8e2e-4c02-a084-6e8ca13c7928" testId="980df509-8172-504c-4747-69870f67a0f9" testName="Index" computerName="ORION" duration="00:00:00.3204819" startTime="2013-01-15T03:04:01.1062534+02:00" endTime="2013-01-15T03:04:03.2563764+02:00" testType="13cdc9d9-ddb5-4fa4-a97d-d965ccfc6d4b" outcome="Passed" testListId="8c84fa94-04c1-424b-9868-57a2d4851a1d" relativeResultsDirectory="473c6851-8e2e-4c02-a084-6e8ca13c7928">
    </UnitTestResult>
  </Results>
</TestRun>