<?xml version="1.0" encoding="UTF-8"?>
<TestRun id="6ffbc432-0294-4573-b5b8-7300e964d1a4" name="Teo@ORION 2013-01-15 03:03:18" runUser="ORION\Teo" xmlns="http://microsoft.com/schemas/VisualStudio/TeamTest/2010">
  <TestSettings name="Default Test Settings" id="bffe9721-dd7b-448b-9d3d-fa07fc6ba1c5">
    <Deployment runDeploymentRoot="Teo_ORION 2013-01-15 03_03_18">
      <DeploymentItem filename="C:\Users\Teo\Desktop\Supermarket\Supermarket\bin\Supermarket.dll" />
    </Deployment>
    <Execution>
      <TestTypeSpecific />
      <AgentRule name="Execution Agents">
      </AgentRule>
    </Execution>
  </TestSettings>
  <Times creation="2013-01-15T03:03:18.8878386+02:00" queuing="2013-01-15T03:03:30.0824789+02:00" start="2013-01-15T03:03:30.2954911+02:00" finish="2013-01-15T03:03:46.9854457+02:00" />
  <ResultSummary outcome="Error">
    <Counters total="1" executed="1" error="0" failed="0" timeout="0" aborted="1" inconclusive="0" passedButRunAborted="0" notRunnable="0" notExecuted="0" disconnected="0" warning="0" passed="0" completed="0" inProgress="0" pending="0" />
    <RunInfos>
      <RunInfo computerName="ORION" outcome="Error" timestamp="2013-01-15T03:03:46.9844457+02:00">
        <Text>Test host process exited unexpectedly.</Text>
      </RunInfo>
    </RunInfos>
  </ResultSummary>
  <TestDefinitions>
    <UnitTest name="Index" storage="c:\users\teo\desktop\supermarket\supermarket.tests\bin\release\supermarket.tests.dll" id="980df509-8172-504c-4747-69870f67a0f9">
      <Execution id="43f51472-7890-4da4-9a29-d6c57dc8d9b3" />
      <TestMethod codeBase="C:/Users/Teo/Desktop/Supermarket/Supermarket.Tests/bin/Release/Supermarket.Tests.DLL" adapterTypeName="Microsoft.VisualStudio.TestTools.TestTypes.Unit.UnitTestAdapter, Microsoft.VisualStudio.QualityTools.Tips.UnitTest.Adapter, Version=10.0.0.0, Culture=neutral, PublicKeyToken=b03f5f7f11d50a3a" className="Supermarket.Tests.Controllers.HomeControllerTest, Supermarket.Tests, Version=1.0.0.0, Culture=neutral, PublicKeyToken=null" name="Index" />
    </UnitTest>
  </TestDefinitions>
  <TestLists>
    <TestList name="Results Not in a List" id="8c84fa94-04c1-424b-9868-57a2d4851a1d" />
    <TestList name="All Loaded Results" id="19431567-8539-422a-85d7-44ee4e166bda" />
  </TestLists>
  <TestEntries>
    <TestEntry testId="980df509-8172-504c-4747-69870f67a0f9" executionId="43f51472-7890-4da4-9a29-d6c57dc8d9b3" testListId="8c84fa94-04c1-424b-9868-57a2d4851a1d" />
  </TestEntries>
  <Results>
    <UnitTestResult executionId="43f51472-7890-4da4-9a29-d6c57dc8d9b3" testId="980df509-8172-504c-4747-69870f67a0f9" testName="Index" computerName="ORION" duration="00:00:16.5499466" startTime="2013-01-15T03:03:30.4354991+02:00" endTime="2013-01-15T03:03:46.9854457+02:00" testType="13cdc9d9-ddb5-4fa4-a97d-d965ccfc6d4b" outcome="Aborted" testListId="8c84fa94-04c1-424b-9868-57a2d4851a1d" relativeResultsDirectory="43f51472-7890-4da4-9a29-d6c57dc8d9b3">
    </UnitTestResult>
  </Results>
</TestRun>