<?xml version="1.0" encoding="UTF-8"?>
<TestRun id="7eda7bbe-b21a-4308-809f-d8ff633b68c5" name="Teo@ORION 2013-01-15 03:04:23" runUser="ORION\Teo" xmlns="http://microsoft.com/schemas/VisualStudio/TeamTest/2010">
  <TestSettings name="Default Test Settings" id="1ad1e5b8-b025-491c-bc3d-4edd0d963b4b">
    <Deployment runDeploymentRoot="Teo_ORION 2013-01-15 03_04_23">
      <DeploymentItem filename="C:\Users\Teo\Desktop\Supermarket\Supermarket\bin\Supermarket.dll" />
    </Deployment>
    <Execution>
      <TestTypeSpecific />
      <AgentRule name="Execution Agents">
      </AgentRule>
    </Execution>
  </TestSettings>
  <Times creation="2013-01-15T03:04:23.6355420+02:00" queuing="2013-01-15T03:04:25.1506287+02:00" start="2013-01-15T03:04:25.2376336+02:00" finish="2013-01-15T03:04:27.2907511+02:00" />
  <ResultSummary outcome="Completed">
    <Counters total="1" executed="1" passed="1" error="0" failed="0" timeout="0" aborted="0" inconclusive="0" passedButRunAborted="0" notRunnable="0" notExecuted="0" disconnected="0" warning="0" completed="0" inProgress="0" pending="0" />
  </ResultSummary>
  <TestDefinitions>
    <UnitTest name="About" storage="c:\users\teo\desktop\supermarket\supermarket.tests\bin\release\supermarket.tests.dll" id="01789e3b-1db4-f26c-2428-b2d1f6e7789b">
      <Execution id="72eb3831-967f-4dc1-b41c-48877d89208b" />
      <TestMethod codeBase="C:/Users/Teo/Desktop/Supermarket/Supermarket.Tests/bin/Release/Supermarket.Tests.DLL" adapterTypeName="Microsoft.VisualStudio.TestTools.TestTypes.Unit.UnitTestAdapter, Microsoft.VisualStudio.QualityTools.Tips.UnitTest.Adapter, Version=10.0.0.0, Culture=neutral, PublicKeyToken=b03f5f7f11d50a3a" className="Supermarket.Tests.Controllers.HomeControllerTest, Supermarket.Tests, Version=1.0.0.0, Culture=neutral, PublicKeyToken=null" name="About" />
    </UnitTest>
  </TestDefinitions>
  <TestLists>
    <TestList name="Results Not in a List" id="8c84fa94-04c1-424b-9868-57a2d4851a1d" />
    <TestList name="All Loaded Results" id="19431567-8539-422a-85d7-44ee4e166bda" />
  </TestLists>
  <TestEntries>
    <TestEntry testId="01789e3b-1db4-f26c-2428-b2d1f6e7789b" executionId="72eb3831-967f-4dc1-b41c-48877d89208b" testListId="8c84fa94-04c1-424b-9868-57a2d4851a1d" />
  </TestEntries>
  <Results>
    <UnitTestResult executionId="72eb3831-967f-4dc1-b41c-48877d89208b" testId="01789e3b-1db4-f26c-2428-b2d1f6e7789b" testName="About" computerName="ORION" duration="00:00:00.1077109" startTime="2013-01-15T03:04:25.3106378+02:00" endTime="2013-01-15T03:04:27.1797447+02:00" testType="13cdc9d9-ddb5-4fa4-a97d-d965ccfc6d4b" outcome="Passed" testListId="8c84fa94-04c1-424b-9868-57a2d4851a1d" relativeResultsDirectory="72eb3831-967f-4dc1-b41c-48877d89208b">
    </UnitTestResult>
  </Results>
</TestRun>